<?xml version="1.0" encoding="utf-8" standalone="no"?>
<test-run id="2" testcasecount="3" result="Passed" total="3" passed="3" failed="0" inconclusive="0" skipped="0" asserts="0" engine-version="3.0.5813.39036" clr-version="4.0.30319.42000" start-time="2016-01-18 13:44:31Z" end-time="2016-01-18 13:44:35Z" duration="3.655092">
  <command-line><![CDATA["C:\Projects\headspringmvc_rodney\hsmvc\packages\NUnit.Console.3.0.1\tools\nunit3-console.exe" C:\Projects\headspringmvc_rodney\hsmvc\HSMVC.Tests\bin\Debug\HSMVC.Tests.dll]]></command-line>
  <test-suite type="Assembly" id="0-1004" name="HSMVC.Tests.dll" fullname="C:\Projects\headspringmvc_rodney\hsmvc\HSMVC.Tests\bin\Debug\HSMVC.Tests.dll" runstate="Runnable" testcasecount="3" result="Passed" start-time="2016-01-18 13:44:31Z" end-time="2016-01-18 13:44:35Z" duration="3.615317" total="3" passed="3" failed="0" inconclusive="0" skipped="0" asserts="0">
    <environment framework-version="3.0.5813.39031" clr-version="4.0.30319.42000" os-version="Microsoft Windows NT 10.0.10586.0" platform="Win32NT" cwd="C:\Projects\headspringmvc_rodney" machine-name="DESKTOP-MKSU8MO" user="Rodney Coleman" user-domain="DESKTOP-MKSU8MO" culture="en-US" uiculture="en-US" os-architecture="x64" />
    <settings>
      <setting name="WorkDirectory" value="C:\Projects\headspringmvc_rodney" />
      <setting name="NumberOfTestWorkers" value="4" />
    </settings>
    <properties>
      <property name="_PID" value="16756" />
      <property name="_APPDOMAIN" value="test-domain-" />
    </properties>
    <test-suite type="TestSuite" id="0-1005" name="HSMVC" fullname="HSMVC" runstate="Runnable" testcasecount="3" result="Passed" start-time="2016-01-18 13:44:31Z" end-time="2016-01-18 13:44:35Z" duration="3.606053" total="3" passed="3" failed="0" inconclusive="0" skipped="0" asserts="0">
      <test-suite type="TestSuite" id="0-1006" name="Tests" fullname="HSMVC.Tests" runstate="Runnable" testcasecount="3" result="Passed" start-time="2016-01-18 13:44:31Z" end-time="2016-01-18 13:44:35Z" duration="3.605968" total="3" passed="3" failed="0" inconclusive="0" skipped="0" asserts="0">
        <test-suite type="TestSuite" id="0-1007" name="Conference" fullname="HSMVC.Tests.Conference" runstate="Runnable" testcasecount="3" result="Passed" start-time="2016-01-18 13:44:31Z" end-time="2016-01-18 13:44:35Z" duration="3.605946" total="3" passed="3" failed="0" inconclusive="0" skipped="0" asserts="0">
          <test-suite type="TestFixture" id="0-1000" name="ConferenceTests" fullname="HSMVC.Tests.Conference.ConferenceTests" classname="HSMVC.Tests.Conference.ConferenceTests" runstate="Runnable" testcasecount="3" result="Passed" start-time="2016-01-18 13:44:31Z" end-time="2016-01-18 13:44:35Z" duration="3.604340" total="3" passed="3" failed="0" inconclusive="0" skipped="0" asserts="0">
            <test-case id="0-1003" name="ShouldAddConference" fullname="HSMVC.Tests.Conference.ConferenceTests.ShouldAddConference" methodname="ShouldAddConference" classname="HSMVC.Tests.Conference.ConferenceTests" runstate="Runnable" seed="993609143" result="Passed" start-time="2016-01-18 13:44:31Z" end-time="2016-01-18 13:44:35Z" duration="3.529685" asserts="0" />
            <test-case id="0-1002" name="ShouldEditConference" fullname="HSMVC.Tests.Conference.ConferenceTests.ShouldEditConference" methodname="ShouldEditConference" classname="HSMVC.Tests.Conference.ConferenceTests" runstate="Runnable" seed="1630670862" result="Passed" start-time="2016-01-18 13:44:35Z" end-time="2016-01-18 13:44:35Z" duration="0.052223" asserts="0" />
            <test-case id="0-1001" name="ShouldGetAllConferences" fullname="HSMVC.Tests.Conference.ConferenceTests.ShouldGetAllConferences" methodname="ShouldGetAllConferences" classname="HSMVC.Tests.Conference.ConferenceTests" runstate="Runnable" seed="798259755" result="Passed" start-time="2016-01-18 13:44:35Z" end-time="2016-01-18 13:44:35Z" duration="0.014315" asserts="0" />
          </test-suite>
        </test-suite>
      </test-suite>
    </test-suite>
  </test-suite>
</test-run>